Build started 28/1/2013 11:12:48 πμ.
     1>Project "C:\Users\Antonia\Documents\Gridlab-D\gridlabd-2.3-RC1\market\market.vcxproj" on node 2 (rebuild target(s)).
     1>PrepareForBuild:
         Creating directory "..\VS2005\Win32\Release\".
       InitializeBuildStatus:
         Creating "Win32\Release\market\market.unsuccessfulbuild" because "AlwaysCreate" was specified.
       ClCompile:
         c:\Program Files (x86)\Microsoft Visual Studio 10.0\VC\bin\CL.exe /c /I..\core /I"..\third_party\cppunit-1.12.0\include" /Zi /nologo /W3 /WX- /O2 /Oy- /GL /D WIN32 /D NDEBUG /D _WINDOWS /D _USRDLL /D _CRT_SECURE_NO_DEPRECATE /D _NO_CPPUNIT /D _WINDLL /D _MBCS /Gm- /EHsc /MT /GS /fp:precise /Zc:wchar_t /Zc:forScope /Fo"Win32\Release\market\\" /Fd"Win32\Release\market\vc100.pdb" /Gd /TP /analyze- /errorReport:prompt auction.cpp bid.cpp controller.cpp curve.cpp double_controller.cpp generator_controller.cpp init.cpp main.cpp passive_controller.cpp stub_bidder.cpp stubauction.cpp
         auction.cpp
     1>auction.cpp(1377): warning C4244: 'argument' : conversion from 'time_t' to 'unsigned int', possible loss of data
         bid.cpp
         controller.cpp
         curve.cpp
         double_controller.cpp
         generator_controller.cpp
         init.cpp
         main.cpp
         passive_controller.cpp
         stub_bidder.cpp
         stubauction.cpp
       ManifestResourceCompile:
         C:\Program Files (x86)\Microsoft SDKs\Windows\v7.0A\bin\rc.exe /nologo /fo"Win32\Release\market\market.dll.embed.manifest.res" Win32\Release\market\market_manifest.rc 
       Link:
         c:\Program Files (x86)\Microsoft Visual Studio 10.0\VC\bin\link.exe /ERRORREPORT:PROMPT /OUT:"C:\Users\Antonia\Documents\Gridlab-D\gridlabd-2.3-RC1\market\\..\VS2005\Win32\Release\market.dll" /INCREMENTAL /NOLOGO /LIBPATH:..\VS2005\Win32\Release\ /LIBPATH:"C:\Users\Antonia\Documents\Gridlab-D\gridlabd-2.3-RC1\market\Win32\Release" /MANIFEST /ManifestFile:"Win32\Release\market\market.dll.intermediate.manifest" /MANIFESTUAC:"level='asInvoker' uiAccess='false'" /DEBUG /PDB:"C:\Users\Antonia\Documents\Gridlab-D\gridlabd-2.3-RC1\VS2005\Win32\Release\market.pdb" /SUBSYSTEM:WINDOWS /OPT:REF /OPT:ICF /LTCG /TLBID:1 /DYNAMICBASE /NXCOMPAT /IMPLIB:"..\VS2005\Win32\Release\market.lib" /MACHINE:X86 /DLL Win32\Release\market\market.dll.embed.manifest.res
         Win32\Release\market\auction.obj
         Win32\Release\market\bid.obj
         Win32\Release\market\controller.obj
         Win32\Release\market\curve.obj
         Win32\Release\market\double_controller.obj
         Win32\Release\market\generator_controller.obj
         Win32\Release\market\init.obj
         Win32\Release\market\main.obj
         Win32\Release\market\passive_controller.obj
         Win32\Release\market\stub_bidder.obj
         Win32\Release\market\stubauction.obj
     1>LINK : warning LNK4075: ignoring '/INCREMENTAL' due to '/LTCG' specification
            Creating library ..\VS2005\Win32\Release\market.lib and object ..\VS2005\Win32\Release\market.exp
         Generating code
         Finished generating code
       Manifest:
         Deleting file "Win32\Release\market\market.dll.embed.manifest".
         C:\Program Files (x86)\Microsoft SDKs\Windows\v7.0A\bin\mt.exe /nologo /verbose /out:"Win32\Release\market\market.dll.embed.manifest" /manifest Win32\Release\market\market.dll.intermediate.manifest "c:\Program Files (x86)\Microsoft Visual Studio 10.0\VC\Include\Manifest\dpiaware.manifest"
         C:\Program Files (x86)\Microsoft SDKs\Windows\v7.0A\bin\rc.exe /nologo /fo"Win32\Release\market\market.dll.embed.manifest.res" Win32\Release\market\market_manifest.rc 
       LinkEmbedManifest:
         c:\Program Files (x86)\Microsoft Visual Studio 10.0\VC\bin\link.exe /ERRORREPORT:PROMPT /OUT:"C:\Users\Antonia\Documents\Gridlab-D\gridlabd-2.3-RC1\market\\..\VS2005\Win32\Release\market.dll" /INCREMENTAL /NOLOGO /LIBPATH:..\VS2005\Win32\Release\ /LIBPATH:"C:\Users\Antonia\Documents\Gridlab-D\gridlabd-2.3-RC1\market\Win32\Release" /MANIFEST /ManifestFile:"Win32\Release\market\market.dll.intermediate.manifest" /MANIFESTUAC:"level='asInvoker' uiAccess='false'" /DEBUG /PDB:"C:\Users\Antonia\Documents\Gridlab-D\gridlabd-2.3-RC1\VS2005\Win32\Release\market.pdb" /SUBSYSTEM:WINDOWS /OPT:REF /OPT:ICF /LTCG /TLBID:1 /DYNAMICBASE /NXCOMPAT /IMPLIB:"..\VS2005\Win32\Release\market.lib" /MACHINE:X86 /DLL Win32\Release\market\market.dll.embed.manifest.res
         Win32\Release\market\auction.obj
         Win32\Release\market\bid.obj
         Win32\Release\market\controller.obj
         Win32\Release\market\curve.obj
         Win32\Release\market\double_controller.obj
         Win32\Release\market\generator_controller.obj
         Win32\Release\market\init.obj
         Win32\Release\market\main.obj
         Win32\Release\market\passive_controller.obj
         Win32\Release\market\stub_bidder.obj
         Win32\Release\market\stubauction.obj
     1>LINK : warning LNK4075: ignoring '/INCREMENTAL' due to '/LTCG' specification
            Creating library ..\VS2005\Win32\Release\market.lib and object ..\VS2005\Win32\Release\market.exp
         Generating code
         Finished generating code
         market.vcxproj -> C:\Users\Antonia\Documents\Gridlab-D\gridlabd-2.3-RC1\market\..\VS2005\Win32\Release\market.dll
       FinalizeBuildStatus:
         Deleting file "Win32\Release\market\market.unsuccessfulbuild".
         Touching "Win32\Release\market\market.lastbuildstate".
     1>Done Building Project "C:\Users\Antonia\Documents\Gridlab-D\gridlabd-2.3-RC1\market\market.vcxproj" (rebuild target(s)).

Build succeeded.

Time Elapsed 00:00:05.18
