..\VS2005\Win32\Debug\market.ilk
..\VS2005\Win32\Debug\market.pdb
C:\USERS\ANTONIA\DOCUMENTS\GRIDLAB-D\GRIDLABD-2.3-RC1\MARKET(XWRIS GAME_TREXEI SWSA 30-01)\WIN32\DEBUG\MARKET\AUCTION.OBJ
C:\USERS\ANTONIA\DOCUMENTS\GRIDLAB-D\GRIDLABD-2.3-RC1\MARKET(XWRIS GAME_TREXEI SWSA 30-01)\WIN32\DEBUG\MARKET\BID.OBJ
C:\USERS\ANTONIA\DOCUMENTS\GRIDLAB-D\GRIDLABD-2.3-RC1\MARKET(XWRIS GAME_TREXEI SWSA 30-01)\WIN32\DEBUG\MARKET\CONTROLLER.OBJ
C:\USERS\ANTONIA\DOCUMENTS\GRIDLAB-D\GRIDLABD-2.3-RC1\MARKET(XWRIS GAME_TREXEI SWSA 30-01)\WIN32\DEBUG\MARKET\CURVE.OBJ
C:\USERS\ANTONIA\DOCUMENTS\GRIDLAB-D\GRIDLABD-2.3-RC1\MARKET(XWRIS GAME_TREXEI SWSA 30-01)\WIN32\DEBUG\MARKET\DOUBLE_CONTROLLER.OBJ
C:\USERS\ANTONIA\DOCUMENTS\GRIDLAB-D\GRIDLABD-2.3-RC1\MARKET(XWRIS GAME_TREXEI SWSA 30-01)\WIN32\DEBUG\MARKET\GENERATOR_CONTROLLER.OBJ
C:\USERS\ANTONIA\DOCUMENTS\GRIDLAB-D\GRIDLABD-2.3-RC1\MARKET(XWRIS GAME_TREXEI SWSA 30-01)\WIN32\DEBUG\MARKET\INIT.OBJ
C:\USERS\ANTONIA\DOCUMENTS\GRIDLAB-D\GRIDLABD-2.3-RC1\MARKET(XWRIS GAME_TREXEI SWSA 30-01)\WIN32\DEBUG\MARKET\MAIN.OBJ
C:\USERS\ANTONIA\DOCUMENTS\GRIDLAB-D\GRIDLABD-2.3-RC1\MARKET(XWRIS GAME_TREXEI SWSA 30-01)\WIN32\DEBUG\MARKET\MARKET.DLL.EMBED.MANIFEST
C:\USERS\ANTONIA\DOCUMENTS\GRIDLAB-D\GRIDLABD-2.3-RC1\MARKET(XWRIS GAME_TREXEI SWSA 30-01)\WIN32\DEBUG\MARKET\MARKET.DLL.EMBED.MANIFEST.RES
C:\USERS\ANTONIA\DOCUMENTS\GRIDLAB-D\GRIDLABD-2.3-RC1\MARKET(XWRIS GAME_TREXEI SWSA 30-01)\WIN32\DEBUG\MARKET\MARKET.DLL.INTERMEDIATE.MANIFEST
C:\USERS\ANTONIA\DOCUMENTS\GRIDLAB-D\GRIDLABD-2.3-RC1\MARKET(XWRIS GAME_TREXEI SWSA 30-01)\WIN32\DEBUG\MARKET\PASSIVE_CONTROLLER.OBJ
C:\USERS\ANTONIA\DOCUMENTS\GRIDLAB-D\GRIDLABD-2.3-RC1\MARKET(XWRIS GAME_TREXEI SWSA 30-01)\WIN32\DEBUG\MARKET\STUB_BIDDER.OBJ
C:\USERS\ANTONIA\DOCUMENTS\GRIDLAB-D\GRIDLABD-2.3-RC1\MARKET(XWRIS GAME_TREXEI SWSA 30-01)\WIN32\DEBUG\MARKET\STUBAUCTION.OBJ
C:\USERS\ANTONIA\DOCUMENTS\GRIDLAB-D\GRIDLABD-2.3-RC1\MARKET(XWRIS GAME_TREXEI SWSA 30-01)\WIN32\DEBUG\MARKET\VC100.PDB
C:\USERS\ANTONIA\DOCUMENTS\GRIDLAB-D\GRIDLABD-2.3-RC1\MARKET\WIN32\DEBUG\MARKET\AUCTION.OBJ
C:\USERS\ANTONIA\DOCUMENTS\GRIDLAB-D\GRIDLABD-2.3-RC1\MARKET\WIN32\DEBUG\MARKET\BID.OBJ
C:\USERS\ANTONIA\DOCUMENTS\GRIDLAB-D\GRIDLABD-2.3-RC1\MARKET\WIN32\DEBUG\MARKET\CONTROLLER.OBJ
C:\USERS\ANTONIA\DOCUMENTS\GRIDLAB-D\GRIDLABD-2.3-RC1\MARKET\WIN32\DEBUG\MARKET\CURVE.OBJ
C:\USERS\ANTONIA\DOCUMENTS\GRIDLAB-D\GRIDLABD-2.3-RC1\MARKET\WIN32\DEBUG\MARKET\DOUBLE_CONTROLLER.OBJ
C:\USERS\ANTONIA\DOCUMENTS\GRIDLAB-D\GRIDLABD-2.3-RC1\MARKET\WIN32\DEBUG\MARKET\GENERATOR_CONTROLLER.OBJ
C:\USERS\ANTONIA\DOCUMENTS\GRIDLAB-D\GRIDLABD-2.3-RC1\MARKET\WIN32\DEBUG\MARKET\INIT.OBJ
C:\USERS\ANTONIA\DOCUMENTS\GRIDLAB-D\GRIDLABD-2.3-RC1\MARKET\WIN32\DEBUG\MARKET\MAIN.OBJ
C:\USERS\ANTONIA\DOCUMENTS\GRIDLAB-D\GRIDLABD-2.3-RC1\MARKET\WIN32\DEBUG\MARKET\MARKET.DLL.EMBED.MANIFEST
C:\USERS\ANTONIA\DOCUMENTS\GRIDLAB-D\GRIDLABD-2.3-RC1\MARKET\WIN32\DEBUG\MARKET\MARKET.DLL.EMBED.MANIFEST.RES
C:\USERS\ANTONIA\DOCUMENTS\GRIDLAB-D\GRIDLABD-2.3-RC1\MARKET\WIN32\DEBUG\MARKET\PASSIVE_CONTROLLER.OBJ
C:\USERS\ANTONIA\DOCUMENTS\GRIDLAB-D\GRIDLABD-2.3-RC1\MARKET\WIN32\DEBUG\MARKET\STUB_BIDDER.OBJ
C:\USERS\ANTONIA\DOCUMENTS\GRIDLAB-D\GRIDLABD-2.3-RC1\MARKET\WIN32\DEBUG\MARKET\STUBAUCTION.OBJ
C:\USERS\ANTONIA\DOCUMENTS\GRIDLAB-D\GRIDLABD-2.3-RC1\MARKET\WIN32\DEBUG\MARKET\VC100.PDB
C:\USERS\ANTONIA\DOCUMENTS\GRIDLAB-D\GRIDLABD-2.3-RC1\VS2005\WIN32\DEBUG\MARKET.DLL
C:\Users\Antonia\Documents\Gridlab-D\gridlabd-2.3-RC1\VS2005\Win32\Debug\market.exp
C:\USERS\ANTONIA\DOCUMENTS\GRIDLAB-D\GRIDLABD-2.3-RC1\VS2005\WIN32\DEBUG\MARKET.ILK
C:\Users\Antonia\Documents\Gridlab-D\gridlabd-2.3-RC1\VS2005\Win32\Debug\market.lib
C:\USERS\ANTONIA\DOCUMENTS\GRIDLAB-D\GRIDLABD-2.3-RC1\VS2005\WIN32\DEBUG\MARKET.PDB
C:\Users\Antonia\Documents\Gridlab-D\module\market(xwris game_trexei swsa 30-01)\..\VS2005\Win32\Debug\market.dll
C:\USERS\ANTONIA\DROPBOX\MASTER_THESIS_ULIKO\MARKET_VERSIONS AND SCRIPTS\MARKET(XWRIS GAME_TREXEI SWSA 30-01)\WIN32\DEBUG\MARKET\VC100.PDB
