C:\USERS\ANTONIA\DOCUMENTS\GRIDLAB-D\GRIDLABD-2.3-RC1\MARKET(XWRIS GAME_TREXEI SWSA 30-01)\X64\DEBUG\MARKET\AUCTION.OBJ
C:\USERS\ANTONIA\DOCUMENTS\GRIDLAB-D\GRIDLABD-2.3-RC1\MARKET(XWRIS GAME_TREXEI SWSA 30-01)\X64\DEBUG\MARKET\BID.OBJ
C:\USERS\ANTONIA\DOCUMENTS\GRIDLAB-D\GRIDLABD-2.3-RC1\MARKET(XWRIS GAME_TREXEI SWSA 30-01)\X64\DEBUG\MARKET\CONTROLLER.OBJ
C:\USERS\ANTONIA\DOCUMENTS\GRIDLAB-D\GRIDLABD-2.3-RC1\MARKET(XWRIS GAME_TREXEI SWSA 30-01)\X64\DEBUG\MARKET\CURVE.OBJ
C:\USERS\ANTONIA\DOCUMENTS\GRIDLAB-D\GRIDLABD-2.3-RC1\MARKET(XWRIS GAME_TREXEI SWSA 30-01)\X64\DEBUG\MARKET\DOUBLE_CONTROLLER.OBJ
C:\USERS\ANTONIA\DOCUMENTS\GRIDLAB-D\GRIDLABD-2.3-RC1\MARKET(XWRIS GAME_TREXEI SWSA 30-01)\X64\DEBUG\MARKET\GENERATOR_CONTROLLER.OBJ
C:\USERS\ANTONIA\DOCUMENTS\GRIDLAB-D\GRIDLABD-2.3-RC1\MARKET(XWRIS GAME_TREXEI SWSA 30-01)\X64\DEBUG\MARKET\INIT.OBJ
C:\USERS\ANTONIA\DOCUMENTS\GRIDLAB-D\GRIDLABD-2.3-RC1\MARKET(XWRIS GAME_TREXEI SWSA 30-01)\X64\DEBUG\MARKET\MAIN.OBJ
C:\USERS\ANTONIA\DOCUMENTS\GRIDLAB-D\GRIDLABD-2.3-RC1\MARKET(XWRIS GAME_TREXEI SWSA 30-01)\X64\DEBUG\MARKET\MARKET.DLL.EMBED.MANIFEST
C:\USERS\ANTONIA\DOCUMENTS\GRIDLAB-D\GRIDLABD-2.3-RC1\MARKET(XWRIS GAME_TREXEI SWSA 30-01)\X64\DEBUG\MARKET\MARKET.DLL.EMBED.MANIFEST.RES
C:\USERS\ANTONIA\DOCUMENTS\GRIDLAB-D\GRIDLABD-2.3-RC1\MARKET(XWRIS GAME_TREXEI SWSA 30-01)\X64\DEBUG\MARKET\MARKET.DLL.INTERMEDIATE.MANIFEST
C:\USERS\ANTONIA\DOCUMENTS\GRIDLAB-D\GRIDLABD-2.3-RC1\MARKET(XWRIS GAME_TREXEI SWSA 30-01)\X64\DEBUG\MARKET\PASSIVE_CONTROLLER.OBJ
C:\USERS\ANTONIA\DOCUMENTS\GRIDLAB-D\GRIDLABD-2.3-RC1\MARKET(XWRIS GAME_TREXEI SWSA 30-01)\X64\DEBUG\MARKET\STUB_BIDDER.OBJ
C:\USERS\ANTONIA\DOCUMENTS\GRIDLAB-D\GRIDLABD-2.3-RC1\MARKET(XWRIS GAME_TREXEI SWSA 30-01)\X64\DEBUG\MARKET\STUBAUCTION.OBJ
C:\USERS\ANTONIA\DOCUMENTS\GRIDLAB-D\GRIDLABD-2.3-RC1\MARKET(XWRIS GAME_TREXEI SWSA 30-01)\X64\DEBUG\MARKET\VC100.PDB
C:\USERS\ANTONIA\DOCUMENTS\GRIDLAB-D\GRIDLABD-2.3-RC1\MARKET\X64\DEBUG\MARKET\AUCTION.OBJ
C:\USERS\ANTONIA\DOCUMENTS\GRIDLAB-D\GRIDLABD-2.3-RC1\MARKET\X64\DEBUG\MARKET\BID.OBJ
C:\USERS\ANTONIA\DOCUMENTS\GRIDLAB-D\GRIDLABD-2.3-RC1\MARKET\X64\DEBUG\MARKET\CONTROLLER.OBJ
C:\USERS\ANTONIA\DOCUMENTS\GRIDLAB-D\GRIDLABD-2.3-RC1\MARKET\X64\DEBUG\MARKET\CURVE.OBJ
C:\USERS\ANTONIA\DOCUMENTS\GRIDLAB-D\GRIDLABD-2.3-RC1\MARKET\X64\DEBUG\MARKET\DOUBLE_CONTROLLER.OBJ
C:\USERS\ANTONIA\DOCUMENTS\GRIDLAB-D\GRIDLABD-2.3-RC1\MARKET\X64\DEBUG\MARKET\GENERATOR_CONTROLLER.OBJ
C:\USERS\ANTONIA\DOCUMENTS\GRIDLAB-D\GRIDLABD-2.3-RC1\MARKET\X64\DEBUG\MARKET\INIT.OBJ
C:\USERS\ANTONIA\DOCUMENTS\GRIDLAB-D\GRIDLABD-2.3-RC1\MARKET\X64\DEBUG\MARKET\MAIN.OBJ
C:\USERS\ANTONIA\DOCUMENTS\GRIDLAB-D\GRIDLABD-2.3-RC1\MARKET\X64\DEBUG\MARKET\MARKET.DLL.EMBED.MANIFEST
C:\USERS\ANTONIA\DOCUMENTS\GRIDLAB-D\GRIDLABD-2.3-RC1\MARKET\X64\DEBUG\MARKET\MARKET.DLL.EMBED.MANIFEST.RES
C:\USERS\ANTONIA\DOCUMENTS\GRIDLAB-D\GRIDLABD-2.3-RC1\MARKET\X64\DEBUG\MARKET\PASSIVE_CONTROLLER.OBJ
C:\USERS\ANTONIA\DOCUMENTS\GRIDLAB-D\GRIDLABD-2.3-RC1\MARKET\X64\DEBUG\MARKET\STUB_BIDDER.OBJ
C:\USERS\ANTONIA\DOCUMENTS\GRIDLAB-D\GRIDLABD-2.3-RC1\MARKET\X64\DEBUG\MARKET\STUBAUCTION.OBJ
C:\USERS\ANTONIA\DOCUMENTS\GRIDLAB-D\GRIDLABD-2.3-RC1\MARKET\X64\DEBUG\MARKET\VC100.PDB
C:\USERS\ANTONIA\DOCUMENTS\GRIDLAB-D\GRIDLABD-2.3-RC1\VS2005\X64\DEBUG\MARKET.DLL
C:\Users\Antonia\Documents\Gridlab-D\gridlabd-2.3-RC1\VS2005\x64\Debug\market.exp
C:\USERS\ANTONIA\DOCUMENTS\GRIDLAB-D\GRIDLABD-2.3-RC1\VS2005\X64\DEBUG\MARKET.ILK
C:\Users\Antonia\Documents\Gridlab-D\gridlabd-2.3-RC1\VS2005\x64\Debug\market.lib
C:\USERS\ANTONIA\DOCUMENTS\GRIDLAB-D\GRIDLABD-2.3-RC1\VS2005\X64\DEBUG\MARKET.PDB
